[0.029s] Invoking command in '/dev_ws/build/void_bot': CMAKE_PREFIX_PATH=${CMAKE_PREFIX_PATH}:/opt/ros/humble /usr/bin/cmake /dev_ws/src/void_bot -DAMENT_CMAKE_SYMLINK_INSTALL=1 -DCMAKE_INSTALL_PREFIX=/dev_ws/install/void_bot
[0.162s] -- The C compiler identification is GNU 11.4.0
[0.278s] -- The CXX compiler identification is GNU 11.4.0
[0.291s] -- Detecting C compiler ABI info
[0.446s] -- Detecting C compiler ABI info - done
[0.468s] -- Check for working C compiler: /usr/bin/cc - skipped
[0.469s] -- Detecting C compile features
[0.470s] -- Detecting C compile features - done
[0.479s] -- Detecting CXX compiler ABI info
[0.662s] -- Detecting CXX compiler ABI info - done
[0.677s] -- Check for working CXX compiler: /usr/bin/c++ - skipped
[0.677s] -- Detecting CXX compile features
[0.678s] -- Detecting CXX compile features - done
[0.686s] -- Found ament_cmake: 1.3.10 (/opt/ros/humble/share/ament_cmake/cmake)
[0.991s] -- Found Python3: /usr/bin/python3 (found version "3.10.12") found components: Interpreter 
[1.122s] -- Override CMake install command with custom implementation using symlinks instead of copying resources
[1.196s] -- Found ament_lint_auto: 0.12.11 (/opt/ros/humble/share/ament_lint_auto/cmake)
[1.388s] -- Added test 'copyright' to check source files copyright and LICENSE
[1.400s] -- Added test 'flake8' to check Python code syntax and style conventions
[1.403s] -- Added test 'lint_cmake' to check CMake code style
[1.405s] -- Added test 'pep257' to check Python code against some of the docstring style conventions in PEP 257
[1.412s] -- Added test 'xmllint' to check XML markup files
[1.415s] -- Configuring done
[1.421s] -- Generating done
[1.423s] -- Build files have been written to: /dev_ws/build/void_bot
[1.433s] Invoked command in '/dev_ws/build/void_bot' returned '0': CMAKE_PREFIX_PATH=${CMAKE_PREFIX_PATH}:/opt/ros/humble /usr/bin/cmake /dev_ws/src/void_bot -DAMENT_CMAKE_SYMLINK_INSTALL=1 -DCMAKE_INSTALL_PREFIX=/dev_ws/install/void_bot
[1.436s] Invoking command in '/dev_ws/build/void_bot': CMAKE_PREFIX_PATH=${CMAKE_PREFIX_PATH}:/opt/ros/humble /usr/bin/cmake --build /dev_ws/build/void_bot -- -j4 -l4
[1.516s] Invoked command in '/dev_ws/build/void_bot' returned '0': CMAKE_PREFIX_PATH=${CMAKE_PREFIX_PATH}:/opt/ros/humble /usr/bin/cmake --build /dev_ws/build/void_bot -- -j4 -l4
[1.588s] Invoking command in '/dev_ws/build/void_bot': CMAKE_PREFIX_PATH=${CMAKE_PREFIX_PATH}:/opt/ros/humble /usr/bin/cmake --install /dev_ws/build/void_bot
[1.609s] -- Install configuration: ""
[1.610s] -- Execute custom install script
[1.611s] -- Symlinking: /dev_ws/install/void_bot/share/void_bot/config/ball_tracker_params_robot.yaml
[1.629s] -- Symlinking: /dev_ws/install/void_bot/share/void_bot/config/ball_tracker_params_sim.yaml
[1.649s] -- Symlinking: /dev_ws/install/void_bot/share/void_bot/config/drive_bot.rviz
[1.668s] -- Symlinking: /dev_ws/install/void_bot/share/void_bot/config/empty.yaml
[1.685s] -- Symlinking: /dev_ws/install/void_bot/share/void_bot/config/gaz_ros2_ctl_use_sim.yaml
[1.706s] -- Symlinking: /dev_ws/install/void_bot/share/void_bot/config/gazebo_params.yaml
[1.721s] -- Symlinking: /dev_ws/install/void_bot/share/void_bot/config/joystick.yaml
[1.743s] -- Symlinking: /dev_ws/install/void_bot/share/void_bot/config/main.rviz
[1.762s] -- Symlinking: /dev_ws/install/void_bot/share/void_bot/config/map.rviz
[1.783s] -- Symlinking: /dev_ws/install/void_bot/share/void_bot/config/mapper_params_online_async.yaml
[1.797s] -- Symlinking: /dev_ws/install/void_bot/share/void_bot/config/my_controllers.yaml
[1.814s] -- Symlinking: /dev_ws/install/void_bot/share/void_bot/config/nav2_params.yaml
[1.832s] -- Symlinking: /dev_ws/install/void_bot/share/void_bot/config/twist_mux.yaml
[1.851s] -- Symlinking: /dev_ws/install/void_bot/share/void_bot/config/view_bot.rviz
[1.865s] -- Symlinking: /dev_ws/install/void_bot/share/void_bot/description/camera.xacro
[1.885s] -- Symlinking: /dev_ws/install/void_bot/share/void_bot/description/depth_camera.xacro
[1.901s] -- Symlinking: /dev_ws/install/void_bot/share/void_bot/description/face.xacro
[1.914s] -- Symlinking: /dev_ws/install/void_bot/share/void_bot/description/gazebo_control.xacro
[1.931s] -- Symlinking: /dev_ws/install/void_bot/share/void_bot/description/inertial_macros.xacro
[1.950s] -- Symlinking: /dev_ws/install/void_bot/share/void_bot/description/lidar.xacro
[1.967s] -- Symlinking: /dev_ws/install/void_bot/share/void_bot/description/robot.urdf.xacro
[1.991s] -- Symlinking: /dev_ws/install/void_bot/share/void_bot/description/robot_core.xacro
[2.006s] -- Symlinking: /dev_ws/install/void_bot/share/void_bot/description/ros2_control.xacro
[2.026s] -- Symlinking: /dev_ws/install/void_bot/share/void_bot/launch/ball_tracker.launch.py
[2.043s] -- Symlinking: /dev_ws/install/void_bot/share/void_bot/launch/camera.launch.py
[2.059s] -- Symlinking: /dev_ws/install/void_bot/share/void_bot/launch/joystick.launch.py
[2.076s] -- Symlinking: /dev_ws/install/void_bot/share/void_bot/launch/launch_robot.launch.py
[2.097s] -- Symlinking: /dev_ws/install/void_bot/share/void_bot/launch/launch_sim.launch.py
[2.119s] -- Symlinking: /dev_ws/install/void_bot/share/void_bot/launch/localization_launch.py
[2.139s] -- Symlinking: /dev_ws/install/void_bot/share/void_bot/launch/navigation_launch.py
[2.159s] -- Symlinking: /dev_ws/install/void_bot/share/void_bot/launch/online_async_launch.py
[2.181s] -- Symlinking: /dev_ws/install/void_bot/share/void_bot/launch/rplidar.launch.py
[2.197s] -- Symlinking: /dev_ws/install/void_bot/share/void_bot/launch/rsp.launch.py
[2.213s] -- Symlinking: /dev_ws/install/void_bot/share/void_bot/worlds/empty.world
[2.229s] -- Symlinking: /dev_ws/install/void_bot/share/void_bot/worlds/obstacles.world
[2.248s] -- Symlinking: /dev_ws/install/void_bot/share/ament_index/resource_index/package_run_dependencies/void_bot
[2.262s] -- Symlinking: /dev_ws/install/void_bot/share/ament_index/resource_index/parent_prefix_path/void_bot
[2.282s] -- Symlinking: /dev_ws/install/void_bot/share/void_bot/environment/ament_prefix_path.sh
[2.302s] -- Symlinking: /dev_ws/install/void_bot/share/void_bot/environment/ament_prefix_path.dsv
[2.316s] -- Symlinking: /dev_ws/install/void_bot/share/void_bot/environment/path.sh
[2.332s] -- Symlinking: /dev_ws/install/void_bot/share/void_bot/environment/path.dsv
[2.349s] -- Symlinking: /dev_ws/install/void_bot/share/void_bot/local_setup.bash
[2.365s] -- Symlinking: /dev_ws/install/void_bot/share/void_bot/local_setup.sh
[2.384s] -- Symlinking: /dev_ws/install/void_bot/share/void_bot/local_setup.zsh
[2.399s] -- Symlinking: /dev_ws/install/void_bot/share/void_bot/local_setup.dsv
[2.413s] -- Symlinking: /dev_ws/install/void_bot/share/void_bot/package.dsv
[2.432s] -- Symlinking: /dev_ws/install/void_bot/share/ament_index/resource_index/packages/void_bot
[2.451s] -- Symlinking: /dev_ws/install/void_bot/share/void_bot/cmake/void_botConfig.cmake
[2.477s] -- Symlinking: /dev_ws/install/void_bot/share/void_bot/cmake/void_botConfig-version.cmake
[2.496s] -- Symlinking: /dev_ws/install/void_bot/share/void_bot/package.xml
[2.521s] Invoked command in '/dev_ws/build/void_bot' returned '0': CMAKE_PREFIX_PATH=${CMAKE_PREFIX_PATH}:/opt/ros/humble /usr/bin/cmake --install /dev_ws/build/void_bot
