[0.316s] DEBUG:colcon:Command line arguments: ['/usr/bin/colcon', 'list', '-p', '--base-paths', '/workspaces/dev_ws']
[0.316s] DEBUG:colcon:Parsed command line arguments: Namespace(log_base=None, log_level=None, verb_name='list', build_base='build', ignore_user_meta=False, metas=['./colcon.meta'], base_paths=['/workspaces/dev_ws'], packages_ignore=None, packages_ignore_regex=None, paths=None, packages_up_to=None, packages_up_to_regex=None, packages_above=None, packages_above_and_dependencies=None, packages_above_depth=None, packages_select_by_dep=None, packages_skip_by_dep=None, packages_skip_up_to=None, packages_select_build_failed=False, packages_skip_build_finished=False, packages_select_test_failures=False, packages_skip_test_passed=False, packages_select=None, packages_skip=None, packages_select_regex=None, packages_skip_regex=None, packages_start=None, packages_end=None, topological_order=False, names_only=False, paths_only=True, topological_graph=False, topological_graph_dot=False, topological_graph_density=False, topological_graph_legend=False, topological_graph_dot_cluster=False, topological_graph_dot_include_skipped=False, mixin_files=None, mixin=None, verb_parser=<colcon_mixin.mixin.mixin_argument.MixinArgumentDecorator object at 0x71430b3f8e50>, verb_extension=<colcon_package_information.verb.list.ListVerb object at 0x71430b3c7bb0>, main=<bound method ListVerb.main of <colcon_package_information.verb.list.ListVerb object at 0x71430b3c7bb0>>, mixin_verb=('list',))
[0.750s] Level 1:colcon.colcon_core.package_discovery:discover_packages(colcon_meta) check parameters
[0.750s] Level 1:colcon.colcon_core.package_discovery:discover_packages(recursive) check parameters
[0.750s] Level 1:colcon.colcon_core.package_discovery:discover_packages(ignore) check parameters
[0.750s] Level 1:colcon.colcon_core.package_discovery:discover_packages(path) check parameters
[0.750s] Level 1:colcon.colcon_core.package_discovery:discover_packages(recursive) discover
[0.750s] INFO:colcon.colcon_core.package_discovery:Crawling recursively for packages in '/workspaces/dev_ws'
[0.751s] Level 1:colcon.colcon_core.package_identification:_identify(/workspaces/dev_ws) by extensions ['ignore', 'ignore_ament_install']
[0.751s] Level 1:colcon.colcon_core.package_identification:_identify(/workspaces/dev_ws) by extension 'ignore'
[0.751s] Level 1:colcon.colcon_core.package_identification:_identify(/workspaces/dev_ws) by extension 'ignore_ament_install'
[0.751s] Level 1:colcon.colcon_core.package_identification:_identify(/workspaces/dev_ws) by extensions ['colcon_pkg']
[0.751s] Level 1:colcon.colcon_core.package_identification:_identify(/workspaces/dev_ws) by extension 'colcon_pkg'
[0.751s] Level 1:colcon.colcon_core.package_identification:_identify(/workspaces/dev_ws) by extensions ['colcon_meta']
[0.751s] Level 1:colcon.colcon_core.package_identification:_identify(/workspaces/dev_ws) by extension 'colcon_meta'
[0.752s] Level 1:colcon.colcon_core.package_identification:_identify(/workspaces/dev_ws) by extensions ['ros']
[0.752s] Level 1:colcon.colcon_core.package_identification:_identify(/workspaces/dev_ws) by extension 'ros'
[0.779s] Level 1:colcon.colcon_core.package_identification:_identify(/workspaces/dev_ws) by extensions ['cmake', 'python']
[0.780s] Level 1:colcon.colcon_core.package_identification:_identify(/workspaces/dev_ws) by extension 'cmake'
[0.780s] Level 1:colcon.colcon_core.package_identification:_identify(/workspaces/dev_ws) by extension 'python'
[0.780s] Level 1:colcon.colcon_core.package_identification:_identify(/workspaces/dev_ws) by extensions ['python_setup_py']
[0.780s] Level 1:colcon.colcon_core.package_identification:_identify(/workspaces/dev_ws) by extension 'python_setup_py'
[0.780s] Level 1:colcon.colcon_core.package_identification:_identify(/workspaces/dev_ws/log) by extensions ['ignore', 'ignore_ament_install']
[0.780s] Level 1:colcon.colcon_core.package_identification:_identify(/workspaces/dev_ws/log) by extension 'ignore'
[0.781s] Level 1:colcon.colcon_core.package_identification:_identify(/workspaces/dev_ws/log) ignored
[0.781s] Level 1:colcon.colcon_core.package_identification:_identify(/workspaces/dev_ws/src) by extensions ['ignore', 'ignore_ament_install']
[0.781s] Level 1:colcon.colcon_core.package_identification:_identify(/workspaces/dev_ws/src) by extension 'ignore'
[0.781s] Level 1:colcon.colcon_core.package_identification:_identify(/workspaces/dev_ws/src) by extension 'ignore_ament_install'
[0.781s] Level 1:colcon.colcon_core.package_identification:_identify(/workspaces/dev_ws/src) by extensions ['colcon_pkg']
[0.781s] Level 1:colcon.colcon_core.package_identification:_identify(/workspaces/dev_ws/src) by extension 'colcon_pkg'
[0.781s] Level 1:colcon.colcon_core.package_identification:_identify(/workspaces/dev_ws/src) by extensions ['colcon_meta']
[0.782s] Level 1:colcon.colcon_core.package_identification:_identify(/workspaces/dev_ws/src) by extension 'colcon_meta'
[0.782s] Level 1:colcon.colcon_core.package_identification:_identify(/workspaces/dev_ws/src) by extensions ['ros']
[0.782s] Level 1:colcon.colcon_core.package_identification:_identify(/workspaces/dev_ws/src) by extension 'ros'
[0.782s] Level 1:colcon.colcon_core.package_identification:_identify(/workspaces/dev_ws/src) by extensions ['cmake', 'python']
[0.783s] Level 1:colcon.colcon_core.package_identification:_identify(/workspaces/dev_ws/src) by extension 'cmake'
[0.783s] Level 1:colcon.colcon_core.package_identification:_identify(/workspaces/dev_ws/src) by extension 'python'
[0.783s] Level 1:colcon.colcon_core.package_identification:_identify(/workspaces/dev_ws/src) by extensions ['python_setup_py']
[0.783s] Level 1:colcon.colcon_core.package_identification:_identify(/workspaces/dev_ws/src) by extension 'python_setup_py'
[0.783s] Level 1:colcon.colcon_core.package_identification:_identify(/workspaces/dev_ws/src/void_bot) by extensions ['ignore', 'ignore_ament_install']
[0.783s] Level 1:colcon.colcon_core.package_identification:_identify(/workspaces/dev_ws/src/void_bot) by extension 'ignore'
[0.784s] Level 1:colcon.colcon_core.package_identification:_identify(/workspaces/dev_ws/src/void_bot) by extension 'ignore_ament_install'
[0.784s] Level 1:colcon.colcon_core.package_identification:_identify(/workspaces/dev_ws/src/void_bot) by extensions ['colcon_pkg']
[0.784s] Level 1:colcon.colcon_core.package_identification:_identify(/workspaces/dev_ws/src/void_bot) by extension 'colcon_pkg'
[0.784s] Level 1:colcon.colcon_core.package_identification:_identify(/workspaces/dev_ws/src/void_bot) by extensions ['colcon_meta']
[0.784s] Level 1:colcon.colcon_core.package_identification:_identify(/workspaces/dev_ws/src/void_bot) by extension 'colcon_meta'
[0.784s] Level 1:colcon.colcon_core.package_identification:_identify(/workspaces/dev_ws/src/void_bot) by extensions ['ros']
[0.784s] Level 1:colcon.colcon_core.package_identification:_identify(/workspaces/dev_ws/src/void_bot) by extension 'ros'
[0.795s] DEBUG:colcon.colcon_core.package_identification:Package '/workspaces/dev_ws/src/void_bot' with type 'ros.ament_cmake' and name 'void_bot'
[0.796s] Level 1:colcon.colcon_core.package_discovery:discover_packages(recursive) using defaults
